<?xml version="1.0" encoding="UTF-8"?>
<!-- Generated by org.testng.reporters.JUnitReportReporter -->
<testsuite hostname="LAPTOP-O6AFM3UT" failures="0" tests="2" name="contronChromebro.screenshot" time="5.207" errors="0" timestamp="2024-02-14T22:20:09 EST" skipped="1">
  <testcase classname="contronChromebro.screenshot" name="screenshotbaust" time="5.207"/>
  <testcase classname="contronChromebro.screenshot" name="screenshot">
    <skipped/>
  </testcase> <!-- screenshot -->
</testsuite> <!-- contronChromebro.screenshot -->
