<?xml version="1.0" encoding="UTF-8"?>
<!-- Generated by org.testng.reporters.JUnitReportReporter -->
<testsuite hostname="LAPTOP-O6AFM3UT" failures="0" tests="8" name="dataprovider.dataofTN" time="49.598" errors="0" timestamp="2024-02-13T01:52:06 EST" skipped="0">
  <testcase classname="dataprovider.dataofTN" name="loginTN" time="5.991"/>
  <testcase classname="dataprovider.dataofTN" name="loginTN" time="5.442"/>
  <testcase classname="dataprovider.dataofTN" name="loginTN" time="6.082"/>
  <testcase classname="dataprovider.dataofTN" name="loginTN" time="5.822"/>
  <testcase classname="dataprovider.dataofTN" name="loginTN" time="6.010"/>
  <testcase classname="dataprovider.dataofTN" name="loginTN" time="9.340"/>
  <testcase classname="dataprovider.dataofTN" name="loginTN" time="5.625"/>
  <testcase classname="dataprovider.dataofTN" name="loginTN" time="5.286"/>
</testsuite> <!-- dataprovider.dataofTN -->
