<?xml version="1.0" encoding="UTF-8"?>
<!-- Generated by org.testng.reporters.JUnitReportReporter -->
<testsuite hostname="LAPTOP-O6AFM3UT" failures="0" tests="1" name="TestNG.testng_validation2$ninja_test2" time="5.112" errors="0" timestamp="2024-01-24T20:16:04 EST" skipped="0">
  <testcase classname="TestNG.testng_validation2$ninja_test2" name="loginwaring" time="5.112"/>
</testsuite> <!-- TestNG.testng_validation2$ninja_test2 -->
