<?xml version="1.0" encoding="UTF-8"?>
<!-- Generated by org.testng.reporters.JUnitReportReporter -->
<testsuite hostname="LAPTOP-O6AFM3UT" failures="0" tests="1" name="contronChromebro.chromeoption" time="3.831" errors="0" timestamp="2024-02-14T19:03:06 EST" skipped="0">
  <testcase classname="contronChromebro.chromeoption" name="TNlogin" time="3.831"/>
</testsuite> <!-- contronChromebro.chromeoption -->
