<?xml version="1.0" encoding="UTF-8"?>
<!-- Generated by org.testng.reporters.JUnitReportReporter -->
<testsuite hostname="LAPTOP-O6AFM3UT" failures="0" tests="6" name="TestNG.INTRODUCTION_TestNG" time="127.527" errors="0" timestamp="2024-01-17T22:13:21 EST" skipped="0">
  <testcase classname="TestNG.INTRODUCTION_TestNG" name="unusedemailregister" time="19.042"/>
  <testcase classname="TestNG.INTRODUCTION_TestNG" name="nophone_number" time="22.758"/>
  <testcase classname="TestNG.INTRODUCTION_TestNG" name="no_confirm_pass" time="8.863"/>
  <testcase classname="TestNG.INTRODUCTION_TestNG" name="usedemailregister" time="23.182"/>
  <testcase classname="TestNG.INTRODUCTION_TestNG" name="no_input_password" time="13.280"/>
  <testcase classname="TestNG.INTRODUCTION_TestNG" name="no_agree_button" time="40.402"/>
</testsuite> <!-- TestNG.INTRODUCTION_TestNG -->
