<?xml version="1.0" encoding="UTF-8"?>
<!-- Generated by org.testng.reporters.JUnitReportReporter -->
<testsuite hostname="LAPTOP-O6AFM3UT" failures="0" tests="2" name="Data_driven_testing.data_from_properties2" time="4.337" errors="0" timestamp="2024-02-06T11:23:56 EST" skipped="0">
  <testcase classname="Data_driven_testing.data_from_properties2" name="without_first_name" time="2.851"/>
  <testcase classname="Data_driven_testing.data_from_properties2" name="login" time="1.486"/>
</testsuite> <!-- Data_driven_testing.data_from_properties2 -->
