<?xml version="1.0" encoding="UTF-8"?>
<!-- Generated by org.testng.reporters.JUnitReportReporter -->
<testsuite hostname="LAPTOP-O6AFM3UT" failures="0" tests="4" name="TestNG.dataprovider_TN_register" time="69.570" errors="0" timestamp="2024-02-07T21:51:27 EST" skipped="0">
  <testcase classname="TestNG.dataprovider_TN_register" name="registerTest" time="15.488"/>
  <testcase classname="TestNG.dataprovider_TN_register" name="registerTest" time="20.544"/>
  <testcase classname="TestNG.dataprovider_TN_register" name="registerTest" time="21.599"/>
  <testcase classname="TestNG.dataprovider_TN_register" name="registerTest" time="11.939"/>
</testsuite> <!-- TestNG.dataprovider_TN_register -->
