<?xml version="1.0" encoding="UTF-8"?>
<!-- Generated by org.testng.reporters.JUnitReportReporter -->
<testsuite hostname="LAPTOP-O6AFM3UT" failures="0" tests="2" name="Data_driven_testing.register_TN" time="75.011" errors="0" timestamp="2024-02-06T19:07:16 EST" skipped="0">
  <testcase classname="Data_driven_testing.register_TN" name="register" time="35.025"/>
  <testcase classname="Data_driven_testing.register_TN" name="warningMassege" time="39.986"/>
</testsuite> <!-- Data_driven_testing.register_TN -->
