<?xml version="1.0" encoding="UTF-8"?>
<!-- Generated by org.testng.reporters.JUnitReportReporter -->
<testsuite hostname="LAPTOP-O6AFM3UT" failures="0" tests="1" name="TestNG.testNvalidation" time="8.761" errors="0" timestamp="2024-01-24T19:26:25 EST" skipped="0">
  <testcase classname="TestNG.testNvalidation" name="login" time="8.761"/>
</testsuite> <!-- TestNG.testNvalidation -->
