<?xml version="1.0" encoding="UTF-8"?>
<!-- Generated by org.testng.reporters.JUnitReportReporter -->
<testsuite hostname="LAPTOP-O6AFM3UT" failures="0" tests="5" name="TestNG.testNG_assert_class_work" time="132.271" errors="0" timestamp="2024-01-24T22:45:21 EST" skipped="0">
  <testcase classname="TestNG.testNG_assert_class_work" name="noInput" time="25.916"/>
  <testcase classname="TestNG.testNG_assert_class_work" name="withMandotaryDetails" time="29.033"/>
  <testcase classname="TestNG.testNG_assert_class_work" name="withAllDetails" time="29.085"/>
  <testcase classname="TestNG.testNG_assert_class_work" name="sameEmail" time="26.599"/>
  <testcase classname="TestNG.testNG_assert_class_work" name="noConfirmPassword" time="21.638"/>
</testsuite> <!-- TestNG.testNG_assert_class_work -->
