<?xml version="1.0" encoding="UTF-8"?>
<!-- Generated by org.testng.reporters.JUnitReportReporter -->
<testsuite hostname="LAPTOP-O6AFM3UT" failures="0" tests="3" name="runningMultipleTest_case.sanityTestCase" time="0.017" errors="0" timestamp="2024-02-21T21:12:57 EST" skipped="0">
  <testcase classname="runningMultipleTest_case.sanityTestCase" name="test1" time="0.015"/>
  <testcase classname="runningMultipleTest_case.sanityTestCase" name="test2" time="0.001"/>
  <testcase classname="runningMultipleTest_case.sanityTestCase" name="test3" time="0.001"/>
</testsuite> <!-- runningMultipleTest_case.sanityTestCase -->
