<?xml version="1.0" encoding="UTF-8"?>
<!-- Generated by org.testng.reporters.JUnitReportReporter -->
<testsuite hostname="LAPTOP-O6AFM3UT" failures="0" tests="8" name="TestNG.dataprovideer_TN_login" time="45.067" errors="0" timestamp="2024-02-13T01:10:38 EST" skipped="0">
  <testcase classname="TestNG.dataprovideer_TN_login" name="login" time="5.357"/>
  <testcase classname="TestNG.dataprovideer_TN_login" name="login" time="5.052"/>
  <testcase classname="TestNG.dataprovideer_TN_login" name="login" time="4.951"/>
  <testcase classname="TestNG.dataprovideer_TN_login" name="login" time="5.006"/>
  <testcase classname="TestNG.dataprovideer_TN_login" name="login" time="5.963"/>
  <testcase classname="TestNG.dataprovideer_TN_login" name="login" time="5.566"/>
  <testcase classname="TestNG.dataprovideer_TN_login" name="login" time="7.375"/>
  <testcase classname="TestNG.dataprovideer_TN_login" name="login" time="5.797"/>
</testsuite> <!-- TestNG.dataprovideer_TN_login -->
