<?xml version="1.0" encoding="UTF-8"?>
<!-- Generated by org.testng.reporters.JUnitReportReporter -->
<testsuite hostname="LAPTOP-O6AFM3UT" failures="0" tests="10" name="TestNG.utilities" time="146.578" errors="0" timestamp="2024-02-07T22:36:39 EST" skipped="0">
  <testcase classname="TestNG.utilities" name="confirm_pass_testregister" time="9.398"/>
  <testcase classname="TestNG.utilities" name="confirm_pass_testregister" time="14.102"/>
  <testcase classname="TestNG.utilities" name="confirm_pass_testregister" time="15.014"/>
  <testcase classname="TestNG.utilities" name="confirm_pass_testregister" time="10.229"/>
  <testcase classname="TestNG.utilities" name="confirm_pass_testregister" time="9.720"/>
  <testcase classname="TestNG.utilities" name="confirm_pass_testregister" time="21.816"/>
  <testcase classname="TestNG.utilities" name="confirm_pass_testregister" time="19.549"/>
  <testcase classname="TestNG.utilities" name="confirm_pass_testregister" time="12.580"/>
  <testcase classname="TestNG.utilities" name="confirm_pass_testregister" time="14.129"/>
  <testcase classname="TestNG.utilities" name="confirm_pass_testregister" time="20.041"/>
</testsuite> <!-- TestNG.utilities -->
