<?xml version="1.0" encoding="UTF-8"?>
<!-- Generated by org.testng.reporters.JUnitReportReporter -->
<testsuite hostname="LAPTOP-O6AFM3UT" failures="0" tests="1" name="polymarphosim.timemanagement" time="3.019" errors="0" timestamp="2024-02-09T01:27:21 EST" skipped="0">
  <testcase classname="polymarphosim.timemanagement" name="register" time="3.019"/>
</testsuite> <!-- polymarphosim.timemanagement -->
