<?xml version="1.0" encoding="UTF-8"?>
<!-- Generated by org.testng.reporters.JUnitReportReporter -->
<testsuite hostname="LAPTOP-O6AFM3UT" failures="0" tests="1" name="contronChromebro.mouseActions" time="10.146" errors="0" timestamp="2024-02-14T22:39:08 EST" skipped="0">
  <testcase classname="contronChromebro.mouseActions" name="mouseactionTN" time="10.146"/>
</testsuite> <!-- contronChromebro.mouseActions -->
