<?xml version="1.0" encoding="UTF-8"?>
<!-- Generated by org.testng.reporters.JUnitReportReporter -->
<testsuite hostname="LAPTOP-O6AFM3UT" failures="0" tests="1" name="Data_driven_testing.data_from_properties" time="10.446" errors="0" timestamp="2024-01-31T22:56:08 EST" skipped="0">
  <testcase classname="Data_driven_testing.data_from_properties" name="readFromPropFile" time="10.446"/>
</testsuite> <!-- Data_driven_testing.data_from_properties -->
