<?xml version="1.0" encoding="UTF-8"?>
<!-- Generated by org.testng.reporters.JUnitReportReporter -->
<testsuite hostname="LAPTOP-O6AFM3UT" failures="0" tests="1" name="contronChromebro.keyboard_action" time="6.181" errors="0" timestamp="2024-02-14T22:21:35 EST" skipped="0">
  <testcase classname="contronChromebro.keyboard_action" name="loginByKeyboardTN" time="6.181"/>
</testsuite> <!-- contronChromebro.keyboard_action -->
